[21:52:58] [main/INFO] (FabricLoader/GameProvider) Loading Minecraft 1.20.6 with Fabric Loader 0.16.5
[21:53:01] [main/INFO] (FabricLoader) Loading 55 mods:
	- fabric-api 0.100.8+1.20.6
	- fabric-api-base 0.4.40+80f8cf51b0
	- fabric-api-lookup-api-v1 1.6.59+e9d2a72bb0
	- fabric-biome-api-v1 13.0.25+be5d88beb0
	- fabric-block-api-v1 1.0.20+6dfe4c9bb0
	- fabric-block-view-api-v2 1.0.8+80f8cf51b0
	- fabric-blockrenderlayer-v1 1.1.50+80f8cf51b0
	- fabric-client-tags-api-v1 1.1.12+7f945d5bb0
	- fabric-command-api-v1 1.2.45+f71b366fb0
	- fabric-command-api-v2 2.2.24+80f8cf51b0
	- fabric-commands-v0 0.2.62+df3654b3b0
	- fabric-content-registries-v0 8.0.6+b82b2392b0
	- fabric-convention-tags-v1 2.0.7+7f945d5bb0
	- fabric-convention-tags-v2 2.1.3+f4bfb622b0
	- fabric-crash-report-info-v1 0.2.27+80f8cf51b0
	- fabric-data-attachment-api-v1 1.1.17+2a2c66b6b0
	- fabric-data-generation-api-v1 19.2.5+a5d5299db0
	- fabric-dimensions-v1 2.1.68+94793913b0
	- fabric-entity-events-v1 1.6.8+e9d2a72bb0
	- fabric-events-interaction-v0 0.7.6+c5fc38b3b0
	- fabric-game-rule-api-v1 1.0.50+80f8cf51b0
	- fabric-gametest-api-v1 1.3.18+1172e897b0
	- fabric-item-api-v1 8.2.3+6e5bbc4ab0
	- fabric-item-group-api-v1 4.1.1+f4bfb622b0
	- fabric-key-binding-api-v1 1.0.45+80f8cf51b0
	- fabric-keybindings-v0 0.2.43+df3654b3b0
	- fabric-lifecycle-events-v1 2.3.4+c5fc38b3b0
	- fabric-loot-api-v2 3.0.6+97f703dab0
	- fabric-message-api-v1 6.0.11+a7dc0e41b0
	- fabric-model-loading-api-v1 1.0.12+80f8cf51b0
	- fabric-models-v0 0.4.11+9386d8a7b0
	- fabric-networking-api-v1 4.2.0+a916f7c5b0
	- fabric-object-builder-api-v1 15.1.5+c5fc38b3b0
	- fabric-particles-v1 4.0.0+c5fc38b3b0
	- fabric-recipe-api-v1 5.0.6+9c745bbbb0
	- fabric-registry-sync-v0 5.0.19+c7d49fa1b0
	- fabric-renderer-api-v1 3.3.0+81dac6a1b0
	- fabric-renderer-indigo 1.5.15+41791025b0
	- fabric-renderer-registries-v1 3.2.62+df3654b3b0
	- fabric-rendering-data-attachment-v1 0.3.46+73761d2eb0
	- fabric-rendering-fluids-v1 3.1.3+2c869dedb0
	- fabric-rendering-v0 1.1.65+df3654b3b0
	- fabric-rendering-v1 4.2.5+850ef40bb0
	- fabric-resource-conditions-api-v1 4.2.0+a5d5299db0
	- fabric-resource-loader-v0 1.1.1+f4bfb622b0
	- fabric-screen-api-v1 2.0.21+7b70ea8ab0
	- fabric-screen-handler-api-v1 1.3.76+8c7b71c2b0
	- fabric-sound-api-v1 1.0.21+c5fc38b3b0
	- fabric-transfer-api-v1 5.1.7+7fc4b352b0
	- fabric-transitive-access-wideners-v1 6.0.10+74e2f560b0
	- fabricloader 0.16.5
	- java 21
	- minecraft 1.20.6
	- mixinextras 0.4.1
	- mouse 1.0-SNAPSHOT
[21:53:02] [main/INFO] (FabricLoader/Mixin) SpongePowered MIXIN Subsystem Version=0.8.7 Source=file:/home/tiny/.gradle/caches/modules-2/files-2.1/net.fabricmc/sponge-mixin/0.15.3+mixin.0.8.7/51ee0a44ab05f6fddd66b09e66b3a16904f9c55d/sponge-mixin-0.15.3+mixin.0.8.7.jar Service=Knot/Fabric Env=CLIENT
[21:53:03] [main/INFO] (FabricLoader/Mixin) Loaded Fabric development mappings for mixin remapper!
[21:53:03] [main/INFO] (FabricLoader/Mixin) Compatibility level set to JAVA_17
[21:53:03] [main/INFO] (FabricLoader/Mixin) Compatibility level set to JAVA_21
[21:53:11] [main/INFO] (FabricLoader/MixinExtras|Service) Initializing MixinExtras via com.llamalad7.mixinextras.service.MixinExtrasServiceImpl(version=0.4.1).
[21:53:35] [Datafixer Bootstrap/INFO] (Minecraft) 222 Datafixer optimizations took 1538 milliseconds
[21:53:46] [Render thread/INFO] (Minecraft) Environment: Environment[sessionHost=https://sessionserver.mojang.com, servicesHost=https://api.minecraftservices.com, name=PROD]
[21:53:46] [Render thread/INFO] (Minecraft) Setting user: Player186
[21:53:47] [Render thread/INFO] (Indigo) [Indigo] Registering Indigo renderer!
[21:53:51] [Render thread/INFO] (Minecraft) Backend library: LWJGL version 3.3.3-snapshot
[21:53:59] [Render thread/INFO] (Minecraft) Reloading ResourceManager: vanilla, fabric, fabric-api, fabric-api-base, fabric-api-lookup-api-v1, fabric-biome-api-v1, fabric-block-api-v1, fabric-block-view-api-v2, fabric-blockrenderlayer-v1, fabric-client-tags-api-v1, fabric-command-api-v1, fabric-command-api-v2, fabric-commands-v0, fabric-content-registries-v0, fabric-convention-tags-v1, fabric-convention-tags-v2, fabric-crash-report-info-v1, fabric-data-attachment-api-v1, fabric-data-generation-api-v1, fabric-dimensions-v1, fabric-entity-events-v1, fabric-events-interaction-v0, fabric-game-rule-api-v1, fabric-gametest-api-v1, fabric-item-api-v1, fabric-item-group-api-v1, fabric-key-binding-api-v1, fabric-keybindings-v0, fabric-lifecycle-events-v1, fabric-loot-api-v2, fabric-message-api-v1, fabric-model-loading-api-v1, fabric-models-v0, fabric-networking-api-v1, fabric-object-builder-api-v1, fabric-particles-v1, fabric-recipe-api-v1, fabric-registry-sync-v0, fabric-renderer-api-v1, fabric-renderer-indigo, fabric-renderer-registries-v1, fabric-rendering-data-attachment-v1, fabric-rendering-fluids-v1, fabric-rendering-v0, fabric-rendering-v1, fabric-resource-conditions-api-v1, fabric-resource-loader-v0, fabric-screen-api-v1, fabric-screen-handler-api-v1, fabric-sound-api-v1, fabric-transfer-api-v1, fabric-transitive-access-wideners-v1, fabricloader
[21:54:00] [Worker-Main-1/INFO] (Minecraft) Found unifont_all_no_pua-15.1.04.hex, loading
[21:54:01] [Worker-Main-1/INFO] (Minecraft) Found unifont_jp_patch-15.1.04.hex, loading
[21:54:26] [Render thread/WARN] (Minecraft) Missing sound for event: minecraft:item.goat_horn.play
[21:54:26] [Render thread/WARN] (Minecraft) Missing sound for event: minecraft:entity.goat.screaming.horn_break
[21:54:27] [Render thread/INFO] (Minecraft) OpenAL initialized on device OpenSLES sink OpenSLES
[21:54:27] [Render thread/INFO] (Minecraft) Sound engine started
[21:54:28] [Render thread/INFO] (Minecraft) Created: 1024x512x4 minecraft:textures/atlas/blocks.png-atlas
[21:54:28] [Render thread/INFO] (Minecraft) Created: 256x256x4 minecraft:textures/atlas/signs.png-atlas
[21:54:28] [Render thread/INFO] (Minecraft) Created: 512x512x4 minecraft:textures/atlas/banner_patterns.png-atlas
[21:54:28] [Render thread/INFO] (Minecraft) Created: 512x512x4 minecraft:textures/atlas/shield_patterns.png-atlas
[21:54:28] [Render thread/INFO] (Minecraft) Created: 1024x1024x4 minecraft:textures/atlas/armor_trims.png-atlas
[21:54:28] [Render thread/INFO] (Minecraft) Created: 256x256x4 minecraft:textures/atlas/chest.png-atlas
[21:54:28] [Render thread/INFO] (Minecraft) Created: 128x64x4 minecraft:textures/atlas/decorated_pot.png-atlas
[21:54:28] [Render thread/INFO] (Minecraft) Created: 512x256x4 minecraft:textures/atlas/beds.png-atlas
[21:54:28] [Render thread/INFO] (Minecraft) Created: 512x256x4 minecraft:textures/atlas/shulker_boxes.png-atlas
[21:54:32] [Render thread/INFO] (Minecraft) Created: 512x256x0 minecraft:textures/atlas/particles.png-atlas
[21:54:32] [Render thread/INFO] (Minecraft) Created: 256x256x0 minecraft:textures/atlas/paintings.png-atlas
[21:54:32] [Render thread/INFO] (Minecraft) Created: 256x128x0 minecraft:textures/atlas/mob_effects.png-atlas
[21:54:32] [Render thread/INFO] (Minecraft) Created: 64x64x0 minecraft:textures/atlas/map_decorations.png-atlas
[21:54:32] [Render thread/INFO] (Minecraft) Created: 1024x512x0 minecraft:textures/atlas/gui.png-atlas
[21:54:32] [Render thread/WARN] (Minecraft) Shader rendertype_entity_translucent_emissive could not find sampler named Sampler2 in the specified shader program.
[21:55:56] [Render thread/INFO] (Minecraft) Loaded 1175 recipes
[21:55:57] [Render thread/INFO] (Minecraft) Loaded 1276 advancements
[21:55:58] [Render thread/INFO] (BiomeModificationImpl) Applied 0 biome modifications to 0 of 64 new biomes in 4.776 ms
[21:55:58] [Server thread/INFO] (Minecraft) Starting integrated minecraft server version 1.20.6
[21:55:58] [Server thread/INFO] (Minecraft) Generating keypair
[21:56:02] [Server thread/INFO] (Minecraft) Preparing start region for dimension minecraft:overworld
[21:56:15] [Render thread/INFO] (Minecraft) 准备生成区域中：0%
[21:56:15] [Render thread/INFO] (Minecraft) 准备生成区域中：0%
[21:56:15] [Render thread/INFO] (Minecraft) 准备生成区域中：0%
[21:56:15] [Render thread/INFO] (Minecraft) 准备生成区域中：0%
[21:56:15] [Render thread/INFO] (Minecraft) 准备生成区域中：0%
[21:56:15] [Render thread/INFO] (Minecraft) 准备生成区域中：0%
[21:56:15] [Render thread/INFO] (Minecraft) 准备生成区域中：0%
[21:56:15] [Render thread/INFO] (Minecraft) 准备生成区域中：0%
[21:56:15] [Render thread/INFO] (Minecraft) 准备生成区域中：0%
[21:56:15] [Render thread/INFO] (Minecraft) 准备生成区域中：0%
[21:56:15] [Render thread/INFO] (Minecraft) 准备生成区域中：0%
[21:56:15] [Render thread/INFO] (Minecraft) 准备生成区域中：0%
[21:56:15] [Render thread/INFO] (Minecraft) 准备生成区域中：0%
[21:56:15] [Render thread/INFO] (Minecraft) 准备生成区域中：0%
[21:56:15] [Render thread/INFO] (Minecraft) 准备生成区域中：0%
[21:56:15] [Render thread/INFO] (Minecraft) 准备生成区域中：0%
[21:56:15] [Render thread/INFO] (Minecraft) 准备生成区域中：0%
[21:56:15] [Render thread/INFO] (Minecraft) 准备生成区域中：0%
[21:56:15] [Render thread/INFO] (Minecraft) 准备生成区域中：0%
[21:56:15] [Render thread/INFO] (Minecraft) 准备生成区域中：0%
[21:56:15] [Render thread/INFO] (Minecraft) 准备生成区域中：0%
[21:56:15] [Render thread/INFO] (Minecraft) 准备生成区域中：0%
[21:56:15] [Render thread/INFO] (Minecraft) 准备生成区域中：0%
[21:56:15] [Render thread/INFO] (Minecraft) 准备生成区域中：0%
[21:56:16] [Render thread/INFO] (Minecraft) 准备生成区域中：0%
[21:56:16] [Render thread/INFO] (Minecraft) 准备生成区域中：0%
[21:56:16] [Render thread/INFO] (Minecraft) Time elapsed: 12980 ms
[21:56:17] [Server thread/INFO] (Minecraft) Changing view distance to 12, from 10
[21:56:17] [Server thread/INFO] (Minecraft) Changing simulation distance to 12, from 0
[21:56:20] [Render thread/WARN] (MacAddressUtil) Failed to find a usable hardware address from the network interfaces; using random bytes: b9:f5:0b:fa:9b:c7:b5:42
[21:56:29] [Server thread/INFO] (Minecraft) Player186[local:E:91b96ee5] logged in with entity id 5 at (0.5, -60.0, 0.8)
[21:56:29] [Server thread/INFO] (Minecraft) Player186加入了游戏
[21:56:31] [Server thread/WARN] (Minecraft) Can't keep up! Is the server overloaded? Running 2028ms or 40 ticks behind
[21:56:34] [Render thread/INFO] (Minecraft) Loaded 13 advancements
[21:57:04] [Server thread/WARN] (Minecraft) Can't keep up! Is the server overloaded? Running 18418ms or 368 ticks behind
[21:57:35] [Server thread/INFO] (Minecraft) Saving and pausing game...
[21:57:35] [Server thread/INFO] (Minecraft) Saving chunks for level 'ServerLevel[新的世界]'/minecraft:overworld
[21:57:35] [Server thread/INFO] (Minecraft) Saving chunks for level 'ServerLevel[新的世界]'/minecraft:the_end
[21:57:35] [Server thread/INFO] (Minecraft) Saving chunks for level 'ServerLevel[新的世界]'/minecraft:the_nether
[21:57:59] [Server thread/INFO] (Minecraft) Saving and pausing game...
[21:57:59] [Server thread/INFO] (Minecraft) Saving chunks for level 'ServerLevel[新的世界]'/minecraft:overworld
[21:57:59] [Server thread/INFO] (Minecraft) Saving chunks for level 'ServerLevel[新的世界]'/minecraft:the_end
[21:57:59] [Server thread/INFO] (Minecraft) Saving chunks for level 'ServerLevel[新的世界]'/minecraft:the_nether
[21:58:36] [Server thread/INFO] (Minecraft) Saving and pausing game...
[21:58:36] [Server thread/INFO] (Minecraft) Saving chunks for level 'ServerLevel[新的世界]'/minecraft:overworld
[21:58:36] [Server thread/INFO] (Minecraft) Saving chunks for level 'ServerLevel[新的世界]'/minecraft:the_end
[21:58:36] [Server thread/INFO] (Minecraft) Saving chunks for level 'ServerLevel[新的世界]'/minecraft:the_nether
[22:00:41] [Server thread/INFO] (Minecraft) [Player186: 召唤了新的猪]
[22:00:41] [Render thread/INFO] (Minecraft) [System] [CHAT] 召唤了新的猪
[22:00:52] [Server thread/INFO] (Minecraft) Saving and pausing game...
[22:00:52] [Server thread/INFO] (Minecraft) Saving chunks for level 'ServerLevel[新的世界]'/minecraft:overworld
[22:00:52] [Server thread/INFO] (Minecraft) Saving chunks for level 'ServerLevel[新的世界]'/minecraft:the_end
[22:00:52] [Server thread/INFO] (Minecraft) Saving chunks for level 'ServerLevel[新的世界]'/minecraft:the_nether
[22:00:55] [Server thread/INFO] (Minecraft) Player186 lost connection: 连接中断
[22:00:55] [Server thread/INFO] (Minecraft) Player186退出了游戏
[22:00:55] [Server thread/INFO] (Minecraft) Stopping singleplayer server as player logged out
[22:00:55] [Server thread/INFO] (Minecraft) Stopping server
[22:00:55] [Server thread/INFO] (Minecraft) Saving players
[22:00:55] [Server thread/INFO] (Minecraft) Saving worlds
[22:01:00] [Server thread/INFO] (Minecraft) Saving chunks for level 'ServerLevel[新的世界]'/minecraft:overworld
[22:01:00] [Server thread/INFO] (Minecraft) Saving chunks for level 'ServerLevel[新的世界]'/minecraft:the_end
[22:01:00] [Server thread/INFO] (Minecraft) Saving chunks for level 'ServerLevel[新的世界]'/minecraft:the_nether
[22:01:00] [Server thread/INFO] (Minecraft) ThreadedAnvilChunkStorage (新的世界): All chunks are saved
[22:01:00] [Server thread/INFO] (Minecraft) ThreadedAnvilChunkStorage (DIM1): All chunks are saved
[22:01:00] [Server thread/INFO] (Minecraft) ThreadedAnvilChunkStorage (DIM-1): All chunks are saved
[22:01:00] [Server thread/INFO] (Minecraft) ThreadedAnvilChunkStorage: All dimensions are saved
[22:01:06] [Render thread/INFO] (Minecraft) Stopping!
